# NetMHCIIpan version 4.0

# Input is in PEPTIDE format

# Prediction Mode: EL+BA

# Threshold for Strong binding peptides (%Rank)	2%
# Threshold for Weak binding peptides (%Rank)	10%

# Allele: DRB1_1201
--------------------------------------------------------------------------------------------------------------------------------------------
 Pos           MHC              Peptide   Of        Core  Core_Rel        Identity      Score_EL %Rank_EL Exp_Bind      Score_BA  Affinity(nM) %Rank_BA  BindLevel
--------------------------------------------------------------------------------------------------------------------------------------------
   1     DRB1_1201 AGKNTDLEVLMEWLKTRPIL   10   MEWLKTRPI     0.580        Sequence      0.058230    28.74       NA      0.480398        276.44     2.36       
   2     DRB1_1201 GLKNDLLENLQAYQKRMGVQ    6   LENLQAYQK     0.673        Sequence      0.055543    29.76       NA      0.351225       1118.34    13.94       
   3     DRB1_1201 ADSQHRSHRQMVTTTNPLIR   10   MVTTTNPLI     0.707        Sequence      0.023119    50.11       NA      0.358815       1030.17    12.82       
   4     DRB1_1201 TTAKAMEQMAGSSEQAAEAM    5   MEQMAGSSE     0.493        Sequence      0.004221    84.24       NA      0.145635      10342.74    69.74       
   5     DRB1_1201 EVETYVLSIIPSGPLKAEIA    6   LSIIPSGPL     0.907        Sequence      0.243542     5.96       NA      0.539972        145.10     0.85   <=WB
   6     DRB1_1201 TNPLIRHENRMVLASTTAKA    4   IRHENRMVL     0.607        Sequence      0.052053    31.20       NA      0.411006        585.69     6.75       
   7     DRB1_1201 MRTIGTHPSSSAGLKNDLLE    5   THPSSSAGL     0.247        Sequence      0.004279    84.05       NA      0.193272       6177.19    53.42       
   8     DRB1_1201 AEAMEVASQARQMVQAMRTI    5   VASQARQMV     0.547        Sequence      0.023253    49.96       NA      0.358418       1034.61    12.88       
   9     DRB1_1201 QHRSHRQMVTTTNPLIRHEN    7   MVTTTNPLI     0.733        Sequence      0.082693    21.42       NA      0.378442        833.07    10.18       
  10     DRB1_1201 RHENRMVLASTTAKAMEQMA    7   LASTTAKAM     0.507        Sequence      0.050553    31.86       NA      0.383241        790.92     9.58       
  11     DRB1_1201 TIGTHPSSSAGLKNDLLENL    8   SAGLKNDLL     0.553        Sequence      0.003987    84.97       NA      0.187796       6554.24    55.22       
  12     DRB1_1201 VQNALNGNGDPNNMDKAVKL    4   LNGNGDPNN     0.353        Sequence      0.005955    78.93       NA      0.136346      11436.27    73.01       
  13     DRB1_1201 STTAKAMEQMAGSSEQAAEA    6   MEQMAGSSE     0.493        Sequence      0.004379    83.74       NA      0.145509      10356.85    69.78       
  14     DRB1_1201 EVAFGLVCATCEQIADSQHR    5   LVCATCEQI     0.313        Sequence      0.001060    95.00       NA      0.182418       6946.94    57.08       
  15     DRB1_1201 AGSSEQAAEAMEVASQARQM   10   MEVASQARQ     0.420        Sequence      0.004979    81.84       NA      0.184506       6791.75    56.36       
  16     DRB1_1201 HRSHRQMVTTTNPLIRHENR    6   MVTTTNPLI     0.727        Sequence      0.079695    22.12       NA      0.377611        840.60    10.29       
  17     DRB1_1201 RFVQNALNGNGDPNNMDKAV    6   LNGNGDPNN     0.407        Sequence      0.005303    80.82       NA      0.140433      10941.57    71.57       
  18     DRB1_1201 GLQRRRFVQNALNGNGDPNN    6   FVQNALNGN     0.340        Sequence      0.010863    67.38       NA      0.242112       3641.61    38.22       
  19     DRB1_1201 EISLSYSAGALASCMGLIYN   10   LASCMGLIY     0.773        Sequence      0.006194    78.28       NA      0.354192       1083.01    13.50       
  20     DRB1_1201 GFVFTLTVPSERGLQRRRFV   10   ERGLQRRRF     0.220        Sequence      0.004815    82.36       NA      0.327389       1447.37    18.01       
  21     DRB1_1201 SAGLKNDLLENLQAYQKRMG    8   LENLQAYQK     0.747        Sequence      0.055795    29.67       NA      0.343798       1211.92    15.10       
  22     DRB1_1201 PSSSAGLKNDLLENLQAYQK    8   NDLLENLQA     0.167        Sequence      0.010765    67.58       NA      0.292627       2108.26    25.18       
  23     DRB1_1201 TVPSERGLQRRRFVQNALNG    4   ERGLQRRRF     0.573        Sequence      0.005068    81.56       NA      0.303396       1876.38    22.78       
  24     DRB1_1201 VTTEVAFGLVCATCEQIADS    8   LVCATCEQI     0.480        Sequence      0.000867    95.00       NA      0.192924       6200.49    53.53       
  25     DRB1_1201 DLLENLQAYQKRMGVQMQRF    5   LQAYQKRMG     0.440        Sequence      0.020409    53.17       NA      0.357548       1044.39    13.01       
  26     DRB1_1201 IRHENRMVLASTTAKAMEQM    8   LASTTAKAM     0.493        Sequence      0.052169    31.15       NA      0.388658        745.90     8.97       
  27     DRB1_1201 RRFVQNALNGNGDPNNMDKA    7   LNGNGDPNN     0.267        Sequence      0.007192    75.57       NA      0.170200       7928.76    61.30       
  28     DRB1_1201 FTLTVPSERGLQRRRFVQNA    7   ERGLQRRRF     0.713        Sequence      0.007070    75.90       NA      0.288454       2205.63    26.10       
  29     DRB1_1201 PNNMDKAVKLYRKLKREITF    7   VKLYRKLKR     0.647        Sequence      0.046895    33.53       NA      0.386785        761.17     9.17       
  30     DRB1_1201 MGLIYNRMGAVTTEVAFGLV    2   LIYNRMGAV     0.340        Sequence      0.006319    77.94       NA      0.368042        932.29    11.53       
  31     DRB1_1201 GLVCATCEQIADSQHRSHRQ    9   IADSQHRSH     0.300        Sequence      0.003080    88.32       NA      0.144451      10476.09    70.15       
  32     DRB1_1201 SQHRSHRQMVTTTNPLIRHE    8   MVTTTNPLI     0.793        Sequence      0.078496    22.42       NA      0.378893        829.02    10.12       
  33     DRB1_1201 SHRQMVTTTNPLIRHENRMV    4   MVTTTNPLI     0.673        Sequence      0.063380    26.86       NA      0.389461        739.44     8.89       
  34     DRB1_1201 NRMGAVTTEVAFGLVCATCE    5   VTTEVAFGL     0.633        Sequence      0.002691    89.76       NA      0.213542       4960.70    46.89       
  35     DRB1_1201 NDLLENLQAYQKRMGVQMQR    3   LENLQAYQK     0.560        Sequence      0.035703    39.89       NA      0.344162       1207.16    15.03       
  36     DRB1_1201 NGNGDPNNMDKAVKLYRKLK    6   NNMDKAVKL     0.533        Sequence      0.022063    51.30       NA      0.267889       2755.29    31.11       
  37     DRB1_1201 LLENLQAYQKRMGVQMQRFK    4   LQAYQKRMG     0.487        Sequence      0.014101    61.72       NA      0.366375        949.26    11.75       
  38     DRB1_1201 VCATCEQIADSQHRSHRQMV    7   IADSQHRSH     0.313        Sequence      0.003365    87.27       NA      0.151444       9712.68    67.74       
  39     DRB1_1201 LTEVETYVLSIIPSGPLKAE    8   LSIIPSGPL     0.973        Sequence      0.246865     5.83       NA      0.536082        151.33     0.92   <=WB
  40     DRB1_1201 LQRRRFVQNALNGNGDPNNM    5   FVQNALNGN     0.333        Sequence      0.010295    68.49       NA      0.234056       3973.27    40.65       
  41     DRB1_1201 TAKAMEQMAGSSEQAAEAME    4   MEQMAGSSE     0.487        Sequence      0.003810    85.62       NA      0.137333      11314.79    72.66       
  42     DRB1_1201 RQMVQAMRTIGTHPSSSAGL    3   VQAMRTIGT     0.540        Sequence      0.043116    35.47       NA      0.353566       1090.37    13.60       
  43     DRB1_1201 LLTEVETYVLSIIPSGPLKA    9   LSIIPSGPL     0.940        Sequence      0.143164    12.27       NA      0.526501        167.86     1.09       
  44     DRB1_1201 LKREITFHGAKEISLSYSAG    4   ITFHGAKEI     0.727        Sequence      0.060169    28.00       NA      0.347470       1164.71    14.52       
  45     DRB1_1201 KGILGFVFTLTVPSERGLQR    6   VFTLTVPSE     0.340        Sequence      0.012522    64.29       NA      0.323725       1505.90    18.71       
  46     DRB1_1201 THPSSSAGLKNDLLENLQAY    8   LKNDLLENL     0.533        Sequence      0.006228    78.19       NA      0.241880       3650.76    38.29       
  47     DRB1_1201 ALNGNGDPNNMDKAVKLYRK    8   NNMDKAVKL     0.653        Sequence      0.019400    54.31       NA      0.230157       4144.47    41.81       
  48     DRB1_1201 KEISLSYSAGALASCMGLIY   11   LASCMGLIY     0.287        Sequence      0.001721    93.79       NA      0.342728       1226.03    15.28       
  49     DRB1_1201 RSHRQMVTTTNPLIRHENRM    5   MVTTTNPLI     0.720        Sequence      0.072894    23.96       NA      0.375019        864.50    10.62       
  50     DRB1_1201 VFTLTVPSERGLQRRRFVQN    8   ERGLQRRRF     0.660        Sequence      0.007333    75.19       NA      0.294236       2071.88    24.83       
  51     DRB1_1201 ITFHGAKEISLSYSAGALAS    8   ISLSYSAGA     0.473        Sequence      0.006240    78.16       NA      0.335899       1320.05    16.48       
  52     DRB1_1201 SSEQAAEAMEVASQARQMVQ    8   MEVASQARQ     0.540        Sequence      0.017340    57.00       NA      0.285865       2268.29    26.71       
  53     DRB1_1201 RMGAVTTEVAFGLVCATCEQ    4   VTTEVAFGL     0.720        Sequence      0.001614    94.24       NA      0.208537       5236.74    48.45       
  54     DRB1_1201 RKLKREITFHGAKEISLSYS    6   ITFHGAKEI     0.673        Sequence      0.081273    21.75       NA      0.372827        885.25    10.90       
  55     DRB1_1201 TEVAFGLVCATCEQIADSQH    6   LVCATCEQI     0.380        Sequence      0.001067    95.00       NA      0.183074       6897.80    56.85       
  56     DRB1_1201 ERGLQRRRFVQNALNGNGDP    8   FVQNALNGN     0.433        Sequence      0.010258    68.57       NA      0.265021       2842.13    31.85       
  57     DRB1_1201 MGAVTTEVAFGLVCATCEQI    3   VTTEVAFGL     0.680        Sequence      0.000985    95.00       NA      0.202697       5578.31    50.35       
  58     DRB1_1201 DPNNMDKAVKLYRKLKREIT    8   VKLYRKLKR     0.620        Sequence      0.049808    32.19       NA      0.373882        875.20    10.77       
  59     DRB1_1201 SQARQMVQAMRTIGTHPSSS    6   VQAMRTIGT     0.720        Sequence      0.070298    24.73       NA      0.379873        820.27    10.00       
  60     DRB1_1201 AMEQMAGSSEQAAEAMEVAS    4   MAGSSEQAA     0.440        Sequence      0.002486    90.59       NA      0.123312      13168.33    77.50       
  61     DRB1_1201 DSQHRSHRQMVTTTNPLIRH    9   MVTTTNPLI     0.720        Sequence      0.048306    32.87       NA      0.382951        793.40     9.61       
  62     DRB1_1201 GDPNNMDKAVKLYRKLKREI    9   VKLYRKLKR     0.507        Sequence      0.041869    36.14       NA      0.342466       1229.51    15.33       
  63     DRB1_1201 ETYVLSIIPSGPLKAEIAQR    4   LSIIPSGPL     0.887        Sequence      0.184581     8.92       NA      0.529334        162.80     1.04   <=WB
  64     DRB1_1201 NPLIRHENRMVLASTTAKAM    3   IRHENRMVL     0.487        Sequence      0.036183    39.56       NA      0.419705        533.08     5.99       
  65     DRB1_1201 YVLSIIPSGPLKAEIAQRLE   10   LKAEIAQRL     0.473        Sequence      0.073957    23.65       NA      0.489472        250.59     2.03       
  66     DRB1_1201 GAVTTEVAFGLVCATCEQIA    2   VTTEVAFGL     0.480        Sequence      0.000449    95.00       NA      0.204132       5492.37    49.87       
  67     DRB1_1201 FVFTLTVPSERGLQRRRFVQ    9   ERGLQRRRF     0.527        Sequence      0.004972    81.86       NA      0.317955       1602.91    19.79       
  68     DRB1_1201 ASCMGLIYNRMGAVTTEVAF    5   LIYNRMGAV     0.507        Sequence      0.007036    76.00       NA      0.384943        776.49     9.38       
  69     DRB1_1201 RMVLASTTAKAMEQMAGSSE    3   LASTTAKAM     0.580        Sequence      0.020905    52.61       NA      0.340095       1261.46    15.73       
  70     DRB1_1201 QAMRTIGTHPSSSAGLKNDL    2   MRTIGTHPS     0.507        Sequence      0.009703    69.65       NA      0.218633       4694.83    45.33       
  71     DRB1_1201 SLLTEVETYVLSIIPSGPLK   10   LSIIPSGPL     0.813        Sequence      0.056617    29.35       NA      0.482406        270.49     2.28       
  72     DRB1_1201 QMVTTTNPLIRHENRMVLAS    9   IRHENRMVL     0.493        Sequence      0.064509    26.50       NA      0.406518        614.83     7.18       
  73     DRB1_1201 EQAAEAMEVASQARQMVQAM    8   VASQARQMV     0.540        Sequence      0.028529    45.18       NA      0.322114       1532.38    19.02       
  74     DRB1_1201 PLIRHENRMVLASTTAKAME   10   LASTTAKAM     0.280        Sequence      0.031137    43.06       NA      0.409660        594.28     6.87       
  75     DRB1_1201 SAGALASCMGLIYNRMGAVT    4   LASCMGLIY     0.780        Sequence      0.024323    48.87       NA      0.459617        346.13     3.26       
  76     DRB1_1201 AKAMEQMAGSSEQAAEAMEV    6   MAGSSEQAA     0.327        Sequence      0.003338    87.37       NA      0.135382      11556.17    73.35       
  77     DRB1_1201 PSERGLQRRRFVQNALNGNG    8   RRFVQNALN     0.133        Sequence      0.004948    81.94       NA      0.295281       2048.58    24.60       
  78     DRB1_1201 TCEQIADSQHRSHRQMVTTT    4   IADSQHRSH     0.227        Sequence      0.002529    90.41       NA      0.162101       8654.90    64.07       
  79     DRB1_1201 ASTTAKAMEQMAGSSEQAAE    7   MEQMAGSSE     0.507        Sequence      0.004307    83.96       NA      0.147224      10166.44    69.19       
  80     DRB1_1201 LIYNRMGAVTTEVAFGLVCA    8   VTTEVAFGL     0.367        Sequence      0.003944    85.13       NA      0.287932       2218.13    26.22       
  81     DRB1_1201 MVTTTNPLIRHENRMVLAST    8   IRHENRMVL     0.620        Sequence      0.077157    22.75       NA      0.399632        662.39     7.85       
  82     DRB1_1201 QARQMVQAMRTIGTHPSSSA    5   VQAMRTIGT     0.647        Sequence      0.067380    25.60       NA      0.378409        833.37    10.19       
  83     DRB1_1201 RQMVTTTNPLIRHENRMVLA    9   LIRHENRMV     0.300        Sequence      0.048693    32.69       NA      0.415922        555.35     6.32       
  84     DRB1_1201 MAGSSEQAAEAMEVASQARQ    8   AEAMEVASQ     0.407        Sequence      0.003604    86.39       NA      0.155460       9299.68    66.35       
  85     DRB1_1201 YSAGALASCMGLIYNRMGAV    5   LASCMGLIY     0.893        Sequence      0.030497    43.55       NA      0.455457        362.07     3.48       
  86     DRB1_1201 MVLASTTAKAMEQMAGSSEQ    2   LASTTAKAM     0.333        Sequence      0.005322    80.76       NA      0.272894       2610.05    29.84       
  87     DRB1_1201 SERGLQRRRFVQNALNGNGD    9   FVQNALNGN     0.313        Sequence      0.007105    75.81       NA      0.284007       2314.35    27.15       
  88     DRB1_1201 EQMAGSSEQAAEAMEVASQA    8   QAAEAMEVA     0.173        Sequence      0.002787    89.41       NA      0.123827      13095.16    77.32       
  89     DRB1_1201 LVCATCEQIADSQHRSHRQM    8   IADSQHRSH     0.313        Sequence      0.003383    87.20       NA      0.145078      10405.26    69.93       
  90     DRB1_1201 RGLQRRRFVQNALNGNGDPN    7   FVQNALNGN     0.367        Sequence      0.011157    66.81       NA      0.254071       3199.62    34.86       
  91     DRB1_1201 GNGDPNNMDKAVKLYRKLKR    5   NNMDKAVKL     0.460        Sequence      0.021528    51.90       NA      0.316988       1619.77    19.97       
  92     DRB1_1201 AKEISLSYSAGALASCMGLI    3   ISLSYSAGA     0.640        Sequence      0.001953    92.82       NA      0.309022       1765.57    21.57       
  93     DRB1_1201 AVTTEVAFGLVCATCEQIAD    9   LVCATCEQI     0.373        Sequence      0.000459    95.00       NA      0.197801       5881.78    51.94       
  94     DRB1_1201 TYVLSIIPSGPLKAEIAQRL    3   LSIIPSGPL     0.827        Sequence      0.139281    12.68       NA      0.522022        176.20     1.18       
  95     DRB1_1201 MEVASQARQMVQAMRTIGTH   10   VQAMRTIGT     0.447        Sequence      0.020506    53.06       NA      0.384901        776.84     9.38       
  96     DRB1_1201 GSSEQAAEAMEVASQARQMV    9   MEVASQARQ     0.480        Sequence      0.007813    74.03       NA      0.262637       2916.40    32.49       
  97     DRB1_1201 CMGLIYNRMGAVTTEVAFGL    3   LIYNRMGAV     0.360        Sequence      0.005904    79.07       NA      0.361314       1002.69    12.46       
  98     DRB1_1201 ARQMVQAMRTIGTHPSSSAG    4   VQAMRTIGT     0.580        Sequence      0.057131    29.15       NA      0.366700        945.93    11.70       
  99     DRB1_1201 LASCMGLIYNRMGAVTTEVA    6   LIYNRMGAV     0.540        Sequence      0.007517    74.73       NA      0.402513        642.06     7.58       
 100     DRB1_1201 KAMEQMAGSSEQAAEAMEVA    5   MAGSSEQAA     0.387        Sequence      0.002737    89.59       NA      0.129850      12268.99    75.29       
 101     DRB1_1201 KNDLLENLQAYQKRMGVQMQ    4   LENLQAYQK     0.553        Sequence      0.045657    34.12       NA      0.352577       1102.10    13.74       
 102     DRB1_1201 FHGAKEISLSYSAGALASCM    6   ISLSYSAGA     0.627        Sequence      0.004727    82.64       NA      0.322248       1530.16    19.00       
 103     DRB1_1201 SLSYSAGALASCMGLIYNRM    8   LASCMGLIY     0.960        Sequence      0.036930    39.06       NA      0.424940        503.72     5.55       
 104     DRB1_1201 CATCEQIADSQHRSHRQMVT    6   IADSQHRSH     0.307        Sequence      0.003233    87.76       NA      0.157705       9076.51    65.58       
 105     DRB1_1201 QAAEAMEVASQARQMVQAMR    7   VASQARQMV     0.580        Sequence      0.027490    46.08       NA      0.330944       1392.75    17.37       
 106     DRB1_1201 VTTTNPLIRHENRMVLASTT    7   IRHENRMVL     0.647        Sequence      0.076176    23.00       NA      0.396954        681.86     8.11       
 107     DRB1_1201 QRRRFVQNALNGNGDPNNMD    4   FVQNALNGN     0.320        Sequence      0.009902    69.26       NA      0.213112       4983.83    47.02       
 108     DRB1_1201 QMVQAMRTIGTHPSSSAGLK    5   MRTIGTHPS     0.653        Sequence      0.027394    46.17       NA      0.314092       1671.33    20.55       
 109     DRB1_1201 MVQAMRTIGTHPSSSAGLKN    4   MRTIGTHPS     0.727        Sequence      0.021654    51.76       NA      0.284693       2297.24    26.99       
 110     DRB1_1201 HPSSSAGLKNDLLENLQAYQ    7   LKNDLLENL     0.500        Sequence      0.006982    76.14       NA      0.259017       3032.89    33.50       
 111     DRB1_1201 GTHPSSSAGLKNDLLENLQA    9   LKNDLLENL     0.493        Sequence      0.005113    81.42       NA      0.207991       5267.77    48.61       
 112     DRB1_1201 EQIADSQHRSHRQMVTTTNP    2   IADSQHRSH     0.227        Sequence      0.001762    93.62       NA      0.161682       8694.23    64.21       
 113     DRB1_1201 AGALASCMGLIYNRMGAVTT    3   LASCMGLIY     0.607        Sequence      0.017060    57.38       NA      0.457955        352.41     3.35       
 114     DRB1_1201 LTKGILGFVFTLTVPSERGL    8   VFTLTVPSE     0.340        Sequence      0.014370    61.29       NA      0.320922       1552.27    19.24       
 115     DRB1_1201 REITFHGAKEISLSYSAGAL    2   ITFHGAKEI     0.433        Sequence      0.014779    60.62       NA      0.335813       1321.28    16.50       
 116     DRB1_1201 GAKEISLSYSAGALASCMGL    4   ISLSYSAGA     0.647        Sequence      0.002845    89.19       NA      0.313574       1680.72    20.65       
 117     DRB1_1201 EITFHGAKEISLSYSAGALA    3   FHGAKEISL     0.420        Sequence      0.007588    74.56       NA      0.334575       1339.10    16.72       
 118     DRB1_1201 NNMDKAVKLYRKLKREITFH    6   VKLYRKLKR     0.633        Sequence      0.046191    33.86       NA      0.386768        761.31     9.18       
 119     DRB1_1201 HENRMVLASTTAKAMEQMAG    6   LASTTAKAM     0.527        Sequence      0.046166    33.87       NA      0.374721        867.30    10.66       
 120     DRB1_1201 PLTKGILGFVFTLTVPSERG    8   FVFTLTVPS     0.287        Sequence      0.013929    62.00       NA      0.318107       1600.28    19.76       
 121     DRB1_1201 KLYRKLKREITFHGAKEISL    9   ITFHGAKEI     0.473        Sequence      0.076856    22.83       NA      0.401233        651.01     7.70       
 122     DRB1_1201 KLKREITFHGAKEISLSYSA    5   ITFHGAKEI     0.753        Sequence      0.071139    24.48       NA      0.361583        999.78    12.42       
 123     DRB1_1201 QIADSQHRSHRQMVTTTNPL    5   QHRSHRQMV     0.320        Sequence      0.001297    95.00       NA      0.185485       6720.19    56.02       
 124     DRB1_1201 RRRFVQNALNGNGDPNNMDK    8   LNGNGDPNN     0.200        Sequence      0.009865    69.33       NA      0.201025       5680.15    50.89       
 125     DRB1_1201 TEVETYVLSIIPSGPLKAEI    7   LSIIPSGPL     0.953        Sequence      0.251227     5.66       NA      0.539332        146.11     0.86   <=WB
 126     DRB1_1201 SPLTKGILGFVFTLTVPSER    7   LGFVFTLTV     0.420        Sequence      0.007689    74.33       NA      0.326088       1467.89    18.26       
 127     DRB1_1201 ILGFVFTLTVPSERGLQRRR    4   VFTLTVPSE     0.327        Sequence      0.008171    73.19       NA      0.312376       1702.65    20.90       
 128     DRB1_1201 LIRHENRMVLASTTAKAMEQ    9   LASTTAKAM     0.407        Sequence      0.046280    33.82       NA      0.394480        700.36     8.36       
 129     DRB1_1201 MEQMAGSSEQAAEAMEVASQ    3   MAGSSEQAA     0.320        Sequence      0.002725    89.64       NA      0.122605      13269.45    77.74       
 130     DRB1_1201 FGLVCATCEQIADSQHRSHR    8   EQIADSQHR     0.267        Sequence      0.002178    91.88       NA      0.157239       9122.39    65.74       
 131     DRB1_1201 VASQARQMVQAMRTIGTHPS    8   VQAMRTIGT     0.793        Sequence      0.071755    24.30       NA      0.388266        749.07     9.01       
 132     DRB1_1201 LASTTAKAMEQMAGSSEQAA    8   MEQMAGSSE     0.487        Sequence      0.004218    84.24       NA      0.170664       7889.06    61.14       
 133     DRB1_1201 HRQMVTTTNPLIRHENRMVL    3   MVTTTNPLI     0.547        Sequence      0.053128    30.74       NA      0.411009        585.67     6.75       
 134     DRB1_1201 SEQAAEAMEVASQARQMVQA    9   VASQARQMV     0.447        Sequence      0.025549    47.78       NA      0.304839       1847.31    22.46       
 135     DRB1_1201 TFHGAKEISLSYSAGALASC    7   ISLSYSAGA     0.573        Sequence      0.005465    80.30       NA      0.322471       1526.47    18.95       
 136     DRB1_1201 YRKLKREITFHGAKEISLSY    7   ITFHGAKEI     0.613        Sequence      0.089264    19.99       NA      0.387351        756.52     9.11       
 137     DRB1_1201 VLASTTAKAMEQMAGSSEQA    9   MEQMAGSSE     0.313        Sequence      0.003005    88.60       NA      0.223048       4475.84    43.97       
 138     DRB1_1201 TKGILGFVFTLTVPSERGLQ    7   VFTLTVPSE     0.320        Sequence      0.014005    61.88       NA      0.321897       1535.98    19.06       
 139     DRB1_1201 IADSQHRSHRQMVTTTNPLI   11   MVTTTNPLI     0.487        Sequence      0.006532    77.36       NA      0.292192       2118.21    25.27       
 140     DRB1_1201 VKLYRKLKREITFHGAKEIS    6   LKREITFHG     0.540        Sequence      0.071695    24.32       NA      0.398069        673.68     8.00       
 141     DRB1_1201 YNRMGAVTTEVAFGLVCATC    6   VTTEVAFGL     0.533        Sequence      0.003337    87.37       NA      0.229159       4189.47    42.11       
 142     DRB1_1201 AGLKNDLLENLQAYQKRMGV    7   LENLQAYQK     0.733        Sequence      0.055453    29.80       NA      0.352048       1108.43    13.82       
 143     DRB1_1201 LKNDLLENLQAYQKRMGVQM    5   LENLQAYQK     0.640        Sequence      0.052828    30.87       NA      0.359043       1027.63    12.79       
 144     DRB1_1201 SYSAGALASCMGLIYNRMGA    6   LASCMGLIY     0.947        Sequence      0.035157    40.25       NA      0.431487        469.27     5.04       
 145     DRB1_1201 GALASCMGLIYNRMGAVTTE    8   LIYNRMGAV     0.513        Sequence      0.009224    70.71       NA      0.436888        442.64     4.66       
 146     DRB1_1201 EAMEVASQARQMVQAMRTIG    4   VASQARQMV     0.560        Sequence      0.020085    53.54       NA      0.353772       1087.94    13.57       
 147     DRB1_1201 LGFVFTLTVPSERGLQRRRF    3   VFTLTVPSE     0.267        Sequence      0.006025    78.74       NA      0.325568       1476.17    18.36       
 148     DRB1_1201 FVQNALNGNGDPNNMDKAVK    5   LNGNGDPNN     0.507        Sequence      0.004621    82.97       NA      0.117350      14045.78    79.51       
 149     DRB1_1201 QNALNGNGDPNNMDKAVKLY   10   NNMDKAVKL     0.527        Sequence      0.008511    72.39       NA      0.161235       8736.38    64.37       
 150     DRB1_1201 CEQIADSQHRSHRQMVTTTN    7   QHRSHRQMV     0.287        Sequence      0.001842    93.29       NA      0.163336       8540.02    63.65       
 151     DRB1_1201 IGTHPSSSAGLKNDLLENLQ    7   SAGLKNDLL     0.540        Sequence      0.004083    84.67       NA      0.192734       6213.25    53.59       
 152     DRB1_1201 QMAGSSEQAAEAMEVASQAR    7   QAAEAMEVA     0.147        Sequence      0.002755    89.53       NA      0.134785      11631.06    73.56       
 153     DRB1_1201 AMEVASQARQMVQAMRTIGT    3   VASQARQMV     0.453        Sequence      0.017500    56.78       NA      0.374647        867.99    10.67       
 154     DRB1_1201 SSAGLKNDLLENLQAYQKRM    9   LENLQAYQK     0.620        Sequence      0.033825    41.12       NA      0.336525       1311.14    16.37       
 155     DRB1_1201 NMDKAVKLYRKLKREITFHG    5   VKLYRKLKR     0.573        Sequence      0.045765    34.07       NA      0.382914        793.72     9.62       
 156     DRB1_1201 AAEAMEVASQARQMVQAMRT    6   VASQARQMV     0.560        Sequence      0.025620    47.72       NA      0.341693       1239.84    15.46       
 157     DRB1_1201 ALASCMGLIYNRMGAVTTEV    7   LIYNRMGAV     0.620        Sequence      0.007274    75.35       NA      0.418270        541.42     6.11       
 158     DRB1_1201 ATCEQIADSQHRSHRQMVTT    5   IADSQHRSH     0.273        Sequence      0.002956    88.78       NA      0.159866       8866.75    64.83       
 159     DRB1_1201 ENRMVLASTTAKAMEQMAGS    5   LASTTAKAM     0.527        Sequence      0.039395    37.56       NA      0.366781        945.10    11.69       
 160     DRB1_1201 TTTNPLIRHENRMVLASTTA    6   IRHENRMVL     0.653        Sequence      0.071555    24.36       NA      0.396574        684.67     8.15       
 161     DRB1_1201 TTNPLIRHENRMVLASTTAK    5   IRHENRMVL     0.653        Sequence      0.063437    26.84       NA      0.404187        630.53     7.42       
 162     DRB1_1201 LSIIPSGPLKAEIAQRLEDV    8   LKAEIAQRL     0.973        Sequence      0.174472     9.63       NA      0.412450        576.61     6.62   <=WB
 163     DRB1_1201 HGAKEISLSYSAGALASCMG    5   ISLSYSAGA     0.647        Sequence      0.003814    85.61       NA      0.317527       1610.35    19.87       
 164     DRB1_1201 AVKLYRKLKREITFHGAKEI    7   LKREITFHG     0.693        Sequence      0.054546    30.16       NA      0.401005        652.62     7.72       
 165     DRB1_1201 LYRKLKREITFHGAKEISLS    8   ITFHGAKEI     0.580        Sequence      0.094166    19.01       NA      0.396201        687.44     8.19       
 166     DRB1_1201 VLSIIPSGPLKAEIAQRLED    9   LKAEIAQRL     0.873        Sequence      0.123416    14.49       NA      0.443479        412.17     4.21       
 167     DRB1_1201 LSYSAGALASCMGLIYNRMG    7   LASCMGLIY     0.953        Sequence      0.037605    38.65       NA      0.427991        487.36     5.31       
 168     DRB1_1201 ISLSYSAGALASCMGLIYNR    9   LASCMGLIY     0.953        Sequence      0.028674    45.06       NA      0.408240        603.48     7.00       
 169     DRB1_1201 AFGLVCATCEQIADSQHRSH    9   EQIADSQHR     0.200        Sequence      0.001536    94.57       NA      0.165205       8369.06    63.01       
 170     DRB1_1201 TTEVAFGLVCATCEQIADSQ    7   LVCATCEQI     0.413        Sequence      0.001020    95.00       NA      0.186717       6631.20    55.59       
 171     DRB1_1201 SCMGLIYNRMGAVTTEVAFG    4   LIYNRMGAV     0.427        Sequence      0.006778    76.70       NA      0.374994        864.74    10.62       
 172     DRB1_1201 LNGNGDPNNMDKAVKLYRKL    7   NNMDKAVKL     0.607        Sequence      0.019725    53.94       NA      0.253235       3228.69    35.09       
 173     DRB1_1201 TLTVPSERGLQRRRFVQNAL    6   ERGLQRRRF     0.707        Sequence      0.006370    77.80       NA      0.296961       2011.68    24.23       
 174     DRB1_1201 VETYVLSIIPSGPLKAEIAQ    5   LSIIPSGPL     0.887        Sequence      0.220942     6.91       NA      0.536084        151.33     0.92   <=WB
 175     DRB1_1201 SIIPSGPLKAEIAQRLEDVF    7   LKAEIAQRL     0.980        Sequence      0.173288     9.72       NA      0.391215        725.54     8.70   <=WB
 176     DRB1_1201 EVASQARQMVQAMRTIGTHP    9   VQAMRTIGT     0.633        Sequence      0.043979    35.00       NA      0.381350        807.27     9.81       
 177     DRB1_1201 NRMVLASTTAKAMEQMAGSS    4   LASTTAKAM     0.593        Sequence      0.030374    43.65       NA      0.357951       1039.85    12.95       
 178     DRB1_1201 AMRTIGTHPSSSAGLKNDLL    4   IGTHPSSSA     0.507        Sequence      0.005683    79.67       NA      0.210669       5117.32    47.79       
 179     DRB1_1201 GLIYNRMGAVTTEVAFGLVC    6   MGAVTTEVA     0.287        Sequence      0.004114    84.57       NA      0.329618       1412.88    17.61       
 180     DRB1_1201 IYNRMGAVTTEVAFGLVCAT    7   VTTEVAFGL     0.440        Sequence      0.003746    85.86       NA      0.246443       3474.90    37.03       
 181     DRB1_1201 NGDPNNMDKAVKLYRKLKRE   10   VKLYRKLKR     0.387        Sequence      0.033717    41.20       NA      0.322352       1528.44    18.98       
 182     DRB1_1201 GILGFVFTLTVPSERGLQRR    5   VFTLTVPSE     0.347        Sequence      0.010208    68.66       NA      0.315746       1641.68    20.21       
 183     DRB1_1201 RTIGTHPSSSAGLKNDLLEN    9   SAGLKNDLL     0.467        Sequence      0.004094    84.64       NA      0.161256       8734.40    64.36       
 184     DRB1_1201 DKAVKLYRKLKREITFHGAK    3   VKLYRKLKR     0.327        Sequence      0.046667    33.64       NA      0.395102        695.66     8.30       
 185     DRB1_1201 MSLLTEVETYVLSIIPSGPL   11   LSIIPSGPL     0.413        Sequence      0.008595    72.19       NA      0.405392        622.36     7.29       
 186     DRB1_1201 KREITFHGAKEISLSYSAGA    3   ITFHGAKEI     0.633        Sequence      0.045049    34.44       NA      0.349723       1136.66    14.17       
 187     DRB1_1201 VPSERGLQRRRFVQNALNGN    3   ERGLQRRRF     0.467        Sequence      0.004904    82.08       NA      0.312411       1702.00    20.89       
 188     DRB1_1201 VAFGLVCATCEQIADSQHRS    4   LVCATCEQI     0.280        Sequence      0.001142    95.00       NA      0.175083       7520.73    59.62       
 189     DRB1_1201 ASQARQMVQAMRTIGTHPSS    7   VQAMRTIGT     0.793        Sequence      0.072798    23.99       NA      0.382348        798.60     9.69       
 190     DRB1_1201 VQAMRTIGTHPSSSAGLKND    3   MRTIGTHPS     0.680        Sequence      0.018020    56.06       NA      0.250677       3319.30    35.80       
 191     DRB1_1201 SSSAGLKNDLLENLQAYQKR   10   LENLQAYQK     0.540        Sequence      0.024960    48.30       NA      0.319556       1575.38    19.49       
 192     DRB1_1201 NALNGNGDPNNMDKAVKLYR    9   NNMDKAVKL     0.640        Sequence      0.011640    65.87       NA      0.202297       5602.51    50.48       
 193     DRB1_1201 LTVPSERGLQRRRFVQNALN    5   ERGLQRRRF     0.680        Sequence      0.005628    79.82       NA      0.303845       1867.29    22.68       
 194     DRB1_1201 KAVKLYRKLKREITFHGAKE    8   LKREITFHG     0.720        Sequence      0.051188    31.58       NA      0.396257        687.02     8.18       
 195     DRB1_1201 MDKAVKLYRKLKREITFHGA    4   VKLYRKLKR     0.460        Sequence      0.043104    35.47       NA      0.388017        751.09     9.04       
 196     DRB1_1201 VLMEWLKTRPILSPLTKGIL    2   MEWLKTRPI     0.640        Sequence      0.024281    48.91       NA      0.481201        274.04     2.33       
 197     DRB1_1201 GLKNDLLENLQAYQKRMGVQ    6   LENLQAYQK     0.673        Sequence      0.055543    29.76       NA      0.351225       1118.34    13.94       
 198     DRB1_1201 SGPLKAEIAQRLEDVFAGKN    3   LKAEIAQRL     0.727        Sequence      0.092923    19.26       NA      0.363456        979.72    12.14       
 199     DRB1_1201 ADSQHRSHRQMVTTTNPLIR   10   MVTTTNPLI     0.707        Sequence      0.023119    50.11       NA      0.358815       1030.17    12.82       
 200     DRB1_1201 TTAKAMEQMAGSSEQAAEAM    5   MEQMAGSSE     0.493        Sequence      0.004221    84.24       NA      0.145635      10342.74    69.74       
 201     DRB1_1201 EVETYVLSIIPSGPLKAEIA    6   LSIIPSGPL     0.907        Sequence      0.243542     5.96       NA      0.539972        145.10     0.85   <=WB
 202     DRB1_1201 TNPLIRHENRMVLASTTAKA    4   IRHENRMVL     0.607        Sequence      0.052053    31.20       NA      0.411006        585.69     6.75       
 203     DRB1_1201 MRTIGTHPSSSAGLKNDLLE    5   THPSSSAGL     0.247        Sequence      0.004279    84.05       NA      0.193272       6177.19    53.42       
 204     DRB1_1201 AEAMEVASQARQMVQAMRTI    5   VASQARQMV     0.547        Sequence      0.023253    49.96       NA      0.358418       1034.61    12.88       
 205     DRB1_1201 QHRSHRQMVTTTNPLIRHEN    7   MVTTTNPLI     0.733        Sequence      0.082693    21.42       NA      0.378442        833.07    10.18       
 206     DRB1_1201 RHENRMVLASTTAKAMEQMA    7   LASTTAKAM     0.507        Sequence      0.050553    31.86       NA      0.383241        790.92     9.58       
 207     DRB1_1201 TIGTHPSSSAGLKNDLLENL    8   SAGLKNDLL     0.553        Sequence      0.003987    84.97       NA      0.187796       6554.24    55.22       
 208     DRB1_1201 VQNALNGNGDPNNMDKAVKL    4   LNGNGDPNN     0.353        Sequence      0.005955    78.93       NA      0.136346      11436.27    73.01       
 209     DRB1_1201 STTAKAMEQMAGSSEQAAEA    6   MEQMAGSSE     0.493        Sequence      0.004379    83.74       NA      0.145509      10356.85    69.78       
 210     DRB1_1201 EVAFGLVCATCEQIADSQHR    5   LVCATCEQI     0.313        Sequence      0.001060    95.00       NA      0.182418       6946.94    57.08       
 211     DRB1_1201 AGSSEQAAEAMEVASQARQM   10   MEVASQARQ     0.420        Sequence      0.004979    81.84       NA      0.184506       6791.75    56.36       
 212     DRB1_1201 HRSHRQMVTTTNPLIRHENR    6   MVTTTNPLI     0.727        Sequence      0.079695    22.12       NA      0.377611        840.60    10.29       
 213     DRB1_1201 RFVQNALNGNGDPNNMDKAV    6   LNGNGDPNN     0.407        Sequence      0.005303    80.82       NA      0.140433      10941.57    71.57       
 214     DRB1_1201 GLQRRRFVQNALNGNGDPNN    6   FVQNALNGN     0.340        Sequence      0.010863    67.38       NA      0.242112       3641.61    38.22       
 215     DRB1_1201 EISLSYSAGALASCMGLIYN   10   LASCMGLIY     0.773        Sequence      0.006194    78.28       NA      0.354192       1083.01    13.50       
 216     DRB1_1201 GFVFTLTVPSERGLQRRRFV   10   ERGLQRRRF     0.220        Sequence      0.004815    82.36       NA      0.327389       1447.37    18.01       
 217     DRB1_1201 SAGLKNDLLENLQAYQKRMG    8   LENLQAYQK     0.747        Sequence      0.055795    29.67       NA      0.343798       1211.92    15.10       
 218     DRB1_1201 PSSSAGLKNDLLENLQAYQK    8   NDLLENLQA     0.167        Sequence      0.010765    67.58       NA      0.292627       2108.26    25.18       
 219     DRB1_1201 LKAEIAQRLEDVFAGKNTDL    4   IAQRLEDVF     0.660        Sequence      0.020282    53.31       NA      0.253895       3205.72    34.91       
 220     DRB1_1201 TVPSERGLQRRRFVQNALNG    4   ERGLQRRRF     0.573        Sequence      0.005068    81.56       NA      0.303396       1876.38    22.78       
 221     DRB1_1201 VTTEVAFGLVCATCEQIADS    8   LVCATCEQI     0.480        Sequence      0.000867    95.00       NA      0.192924       6200.49    53.53       
 222     DRB1_1201 DLLENLQAYQKRMGVQMQRF    5   LQAYQKRMG     0.440        Sequence      0.020409    53.17       NA      0.357548       1044.39    13.01       
 223     DRB1_1201 PSGPLKAEIAQRLEDVFAGK    4   LKAEIAQRL     0.807        Sequence      0.125780    14.20       NA      0.371762        895.51    11.04       
 224     DRB1_1201 IRHENRMVLASTTAKAMEQM    8   LASTTAKAM     0.493        Sequence      0.052169    31.15       NA      0.388658        745.90     8.97       
 225     DRB1_1201 RRFVQNALNGNGDPNNMDKA    7   LNGNGDPNN     0.267        Sequence      0.007192    75.57       NA      0.170200       7928.76    61.30       
 226     DRB1_1201 FTLTVPSERGLQRRRFVQNA    7   ERGLQRRRF     0.713        Sequence      0.007070    75.90       NA      0.288454       2205.63    26.10       
 227     DRB1_1201 IIPSGPLKAEIAQRLEDVFA    6   LKAEIAQRL     0.953        Sequence      0.162992    10.52       NA      0.381543        805.58     9.79       
 228     DRB1_1201 PNNMDKAVKLYRKLKREITF    7   VKLYRKLKR     0.647        Sequence      0.046895    33.53       NA      0.386785        761.17     9.17       
 229     DRB1_1201 MGLIYNRMGAVTTEVAFGLV    2   LIYNRMGAV     0.340        Sequence      0.006319    77.94       NA      0.368042        932.29    11.53       
 230     DRB1_1201 GLVCATCEQIADSQHRSHRQ    9   IADSQHRSH     0.300        Sequence      0.003080    88.32       NA      0.144451      10476.09    70.15       
 231     DRB1_1201 SQHRSHRQMVTTTNPLIRHE    8   MVTTTNPLI     0.793        Sequence      0.078496    22.42       NA      0.378893        829.02    10.12       
 232     DRB1_1201 SHRQMVTTTNPLIRHENRMV    4   MVTTTNPLI     0.673        Sequence      0.063380    26.86       NA      0.389461        739.44     8.89       
 233     DRB1_1201 IPSGPLKAEIAQRLEDVFAG    5   LKAEIAQRL     0.927        Sequence      0.145128    12.06       NA      0.374120        872.95    10.74       
 234     DRB1_1201 NRMGAVTTEVAFGLVCATCE    5   VTTEVAFGL     0.633        Sequence      0.002691    89.76       NA      0.213542       4960.70    46.89       
 235     DRB1_1201 NDLLENLQAYQKRMGVQMQR    3   LENLQAYQK     0.560        Sequence      0.035703    39.89       NA      0.344162       1207.16    15.03       
 236     DRB1_1201 NGNGDPNNMDKAVKLYRKLK    6   NNMDKAVKL     0.533        Sequence      0.022063    51.30       NA      0.267889       2755.29    31.11       
 237     DRB1_1201 LLENLQAYQKRMGVQMQRFK    4   LQAYQKRMG     0.487        Sequence      0.014101    61.72       NA      0.366375        949.26    11.75       
 238     DRB1_1201 VCATCEQIADSQHRSHRQMV    7   IADSQHRSH     0.313        Sequence      0.003365    87.27       NA      0.151444       9712.68    67.74       
 239     DRB1_1201 LTEVETYVLSIIPSGPLKAE    8   LSIIPSGPL     0.973        Sequence      0.246865     5.83       NA      0.536082        151.33     0.92   <=WB
 240     DRB1_1201 LQRRRFVQNALNGNGDPNNM    5   FVQNALNGN     0.333        Sequence      0.010295    68.49       NA      0.234056       3973.27    40.65       
 241     DRB1_1201 TAKAMEQMAGSSEQAAEAME    4   MEQMAGSSE     0.487        Sequence      0.003810    85.62       NA      0.137333      11314.79    72.66       
 242     DRB1_1201 RQMVQAMRTIGTHPSSSAGL    3   VQAMRTIGT     0.540        Sequence      0.043116    35.47       NA      0.353566       1090.37    13.60       
 243     DRB1_1201 LLTEVETYVLSIIPSGPLKA    9   LSIIPSGPL     0.940        Sequence      0.143164    12.27       NA      0.526501        167.86     1.09       
 244     DRB1_1201 LKREITFHGAKEISLSYSAG    4   ITFHGAKEI     0.727        Sequence      0.060169    28.00       NA      0.347470       1164.71    14.52       
 245     DRB1_1201 THPSSSAGLKNDLLENLQAY    8   LKNDLLENL     0.533        Sequence      0.006228    78.19       NA      0.241880       3650.76    38.29       
 246     DRB1_1201 PLKAEIAQRLEDVFAGKNTD    5   IAQRLEDVF     0.613        Sequence      0.025024    48.24       NA      0.310570       1736.24    21.26       
 247     DRB1_1201 ALNGNGDPNNMDKAVKLYRK    8   NNMDKAVKL     0.653        Sequence      0.019400    54.31       NA      0.230157       4144.47    41.81       
 248     DRB1_1201 KEISLSYSAGALASCMGLIY   11   LASCMGLIY     0.287        Sequence      0.001721    93.79       NA      0.342728       1226.03    15.28       
 249     DRB1_1201 RSHRQMVTTTNPLIRHENRM    5   MVTTTNPLI     0.720        Sequence      0.072894    23.96       NA      0.375019        864.50    10.62       
 250     DRB1_1201 VFTLTVPSERGLQRRRFVQN    8   ERGLQRRRF     0.660        Sequence      0.007333    75.19       NA      0.294236       2071.88    24.83       
 251     DRB1_1201 ITFHGAKEISLSYSAGALAS    8   ISLSYSAGA     0.473        Sequence      0.006240    78.16       NA      0.335899       1320.05    16.48       
 252     DRB1_1201 SSEQAAEAMEVASQARQMVQ    8   MEVASQARQ     0.540        Sequence      0.017340    57.00       NA      0.285865       2268.29    26.71       
 253     DRB1_1201 RMGAVTTEVAFGLVCATCEQ    4   VTTEVAFGL     0.720        Sequence      0.001614    94.24       NA      0.208537       5236.74    48.45       
 254     DRB1_1201 RKLKREITFHGAKEISLSYS    6   ITFHGAKEI     0.673        Sequence      0.081273    21.75       NA      0.372827        885.25    10.90       
 255     DRB1_1201 TEVAFGLVCATCEQIADSQH    6   LVCATCEQI     0.380        Sequence      0.001067    95.00       NA      0.183074       6897.80    56.85       
 256     DRB1_1201 ERGLQRRRFVQNALNGNGDP    8   FVQNALNGN     0.433        Sequence      0.010258    68.57       NA      0.265021       2842.13    31.85       
 257     DRB1_1201 MGAVTTEVAFGLVCATCEQI    3   VTTEVAFGL     0.680        Sequence      0.000985    95.00       NA      0.202697       5578.31    50.35       
 258     DRB1_1201 DPNNMDKAVKLYRKLKREIT    8   VKLYRKLKR     0.620        Sequence      0.049808    32.19       NA      0.373882        875.20    10.77       
 259     DRB1_1201 SQARQMVQAMRTIGTHPSSS    6   VQAMRTIGT     0.720        Sequence      0.070298    24.73       NA      0.379873        820.27    10.00       
 260     DRB1_1201 AMEQMAGSSEQAAEAMEVAS    4   MAGSSEQAA     0.440        Sequence      0.002486    90.59       NA      0.123312      13168.33    77.50       
 261     DRB1_1201 DSQHRSHRQMVTTTNPLIRH    9   MVTTTNPLI     0.720        Sequence      0.048306    32.87       NA      0.382951        793.40     9.61       
 262     DRB1_1201 GDPNNMDKAVKLYRKLKREI    9   VKLYRKLKR     0.507        Sequence      0.041869    36.14       NA      0.342466       1229.51    15.33       
 263     DRB1_1201 ETYVLSIIPSGPLKAEIAQR    4   LSIIPSGPL     0.887        Sequence      0.184581     8.92       NA      0.529334        162.80     1.04   <=WB
 264     DRB1_1201 NPLIRHENRMVLASTTAKAM    3   IRHENRMVL     0.487        Sequence      0.036183    39.56       NA      0.419705        533.08     5.99       
 265     DRB1_1201 YVLSIIPSGPLKAEIAQRLE   10   LKAEIAQRL     0.473        Sequence      0.073957    23.65       NA      0.489472        250.59     2.03       
 266     DRB1_1201 GAVTTEVAFGLVCATCEQIA    2   VTTEVAFGL     0.480        Sequence      0.000449    95.00       NA      0.204132       5492.37    49.87       
 267     DRB1_1201 FVFTLTVPSERGLQRRRFVQ    9   ERGLQRRRF     0.527        Sequence      0.004972    81.86       NA      0.317955       1602.91    19.79       
 268     DRB1_1201 ASCMGLIYNRMGAVTTEVAF    5   LIYNRMGAV     0.507        Sequence      0.007036    76.00       NA      0.384943        776.49     9.38       
 269     DRB1_1201 RMVLASTTAKAMEQMAGSSE    3   LASTTAKAM     0.580        Sequence      0.020905    52.61       NA      0.340095       1261.46    15.73       
 270     DRB1_1201 QAMRTIGTHPSSSAGLKNDL    2   MRTIGTHPS     0.507        Sequence      0.009703    69.65       NA      0.218633       4694.83    45.33       
 271     DRB1_1201 SLLTEVETYVLSIIPSGPLK   10   LSIIPSGPL     0.813        Sequence      0.056617    29.35       NA      0.482406        270.49     2.28       
 272     DRB1_1201 QMVTTTNPLIRHENRMVLAS    9   IRHENRMVL     0.493        Sequence      0.064509    26.50       NA      0.406518        614.83     7.18       
 273     DRB1_1201 EQAAEAMEVASQARQMVQAM    8   VASQARQMV     0.540        Sequence      0.028529    45.18       NA      0.322114       1532.38    19.02       
 274     DRB1_1201 PLIRHENRMVLASTTAKAME   10   LASTTAKAM     0.280        Sequence      0.031137    43.06       NA      0.409660        594.28     6.87       
 275     DRB1_1201 SAGALASCMGLIYNRMGAVT    4   LASCMGLIY     0.780        Sequence      0.024323    48.87       NA      0.459617        346.13     3.26       
 276     DRB1_1201 AKAMEQMAGSSEQAAEAMEV    6   MAGSSEQAA     0.327        Sequence      0.003338    87.37       NA      0.135382      11556.17    73.35       
 277     DRB1_1201 PSERGLQRRRFVQNALNGNG    8   RRFVQNALN     0.133        Sequence      0.004948    81.94       NA      0.295281       2048.58    24.60       
 278     DRB1_1201 TCEQIADSQHRSHRQMVTTT    4   IADSQHRSH     0.227        Sequence      0.002529    90.41       NA      0.162101       8654.90    64.07       
 279     DRB1_1201 ASTTAKAMEQMAGSSEQAAE    7   MEQMAGSSE     0.507        Sequence      0.004307    83.96       NA      0.147224      10166.44    69.19       
 280     DRB1_1201 LIYNRMGAVTTEVAFGLVCA    8   VTTEVAFGL     0.367        Sequence      0.003944    85.13       NA      0.287932       2218.13    26.22       
 281     DRB1_1201 MVTTTNPLIRHENRMVLAST    8   IRHENRMVL     0.620        Sequence      0.077157    22.75       NA      0.399632        662.39     7.85       
 282     DRB1_1201 QARQMVQAMRTIGTHPSSSA    5   VQAMRTIGT     0.647        Sequence      0.067380    25.60       NA      0.378409        833.37    10.19       
 283     DRB1_1201 RQMVTTTNPLIRHENRMVLA    9   LIRHENRMV     0.300        Sequence      0.048693    32.69       NA      0.415922        555.35     6.32       
 284     DRB1_1201 MAGSSEQAAEAMEVASQARQ    8   AEAMEVASQ     0.407        Sequence      0.003604    86.39       NA      0.155460       9299.68    66.35       
 285     DRB1_1201 YSAGALASCMGLIYNRMGAV    5   LASCMGLIY     0.893        Sequence      0.030497    43.55       NA      0.455457        362.07     3.48       
 286     DRB1_1201 MVLASTTAKAMEQMAGSSEQ    2   LASTTAKAM     0.333        Sequence      0.005322    80.76       NA      0.272894       2610.05    29.84       
 287     DRB1_1201 SERGLQRRRFVQNALNGNGD    9   FVQNALNGN     0.313        Sequence      0.007105    75.81       NA      0.284007       2314.35    27.15       
 288     DRB1_1201 EQMAGSSEQAAEAMEVASQA    8   QAAEAMEVA     0.173        Sequence      0.002787    89.41       NA      0.123827      13095.16    77.32       
 289     DRB1_1201 LVCATCEQIADSQHRSHRQM    8   IADSQHRSH     0.313        Sequence      0.003383    87.20       NA      0.145078      10405.26    69.93       
 290     DRB1_1201 RGLQRRRFVQNALNGNGDPN    7   FVQNALNGN     0.367        Sequence      0.011157    66.81       NA      0.254071       3199.62    34.86       
 291     DRB1_1201 GNGDPNNMDKAVKLYRKLKR    5   NNMDKAVKL     0.460        Sequence      0.021528    51.90       NA      0.316988       1619.77    19.97       
 292     DRB1_1201 AKEISLSYSAGALASCMGLI    3   ISLSYSAGA     0.640        Sequence      0.001953    92.82       NA      0.309022       1765.57    21.57       
 293     DRB1_1201 AVTTEVAFGLVCATCEQIAD    9   LVCATCEQI     0.373        Sequence      0.000459    95.00       NA      0.197801       5881.78    51.94       
 294     DRB1_1201 TYVLSIIPSGPLKAEIAQRL    3   LSIIPSGPL     0.827        Sequence      0.139281    12.68       NA      0.522022        176.20     1.18       
 295     DRB1_1201 MEVASQARQMVQAMRTIGTH   10   VQAMRTIGT     0.447        Sequence      0.020506    53.06       NA      0.384901        776.84     9.38       
 296     DRB1_1201 GSSEQAAEAMEVASQARQMV    9   MEVASQARQ     0.480        Sequence      0.007813    74.03       NA      0.262637       2916.40    32.49       
 297     DRB1_1201 GPLKAEIAQRLEDVFAGKNT    2   LKAEIAQRL     0.467        Sequence      0.042292    35.91       NA      0.341252       1245.77    15.54       
 298     DRB1_1201 CMGLIYNRMGAVTTEVAFGL    3   LIYNRMGAV     0.360        Sequence      0.005904    79.07       NA      0.361314       1002.69    12.46       
 299     DRB1_1201 ARQMVQAMRTIGTHPSSSAG    4   VQAMRTIGT     0.580        Sequence      0.057131    29.15       NA      0.366700        945.93    11.70       
 300     DRB1_1201 LASCMGLIYNRMGAVTTEVA    6   LIYNRMGAV     0.540        Sequence      0.007517    74.73       NA      0.402513        642.06     7.58       
 301     DRB1_1201 KAMEQMAGSSEQAAEAMEVA    5   MAGSSEQAA     0.387        Sequence      0.002737    89.59       NA      0.129850      12268.99    75.29       
 302     DRB1_1201 KNDLLENLQAYQKRMGVQMQ    4   LENLQAYQK     0.553        Sequence      0.045657    34.12       NA      0.352577       1102.10    13.74       
 303     DRB1_1201 FHGAKEISLSYSAGALASCM    6   ISLSYSAGA     0.627        Sequence      0.004727    82.64       NA      0.322248       1530.16    19.00       
 304     DRB1_1201 SLSYSAGALASCMGLIYNRM    8   LASCMGLIY     0.960        Sequence      0.036930    39.06       NA      0.424940        503.72     5.55       
 305     DRB1_1201 CATCEQIADSQHRSHRQMVT    6   IADSQHRSH     0.307        Sequence      0.003233    87.76       NA      0.157705       9076.51    65.58       
 306     DRB1_1201 QAAEAMEVASQARQMVQAMR    7   VASQARQMV     0.580        Sequence      0.027490    46.08       NA      0.330944       1392.75    17.37       
 307     DRB1_1201 VTTTNPLIRHENRMVLASTT    7   IRHENRMVL     0.647        Sequence      0.076176    23.00       NA      0.396954        681.86     8.11       
 308     DRB1_1201 QRRRFVQNALNGNGDPNNMD    4   FVQNALNGN     0.320        Sequence      0.009902    69.26       NA      0.213112       4983.83    47.02       
 309     DRB1_1201 QMVQAMRTIGTHPSSSAGLK    5   MRTIGTHPS     0.653        Sequence      0.027394    46.17       NA      0.314092       1671.33    20.55       
 310     DRB1_1201 MVQAMRTIGTHPSSSAGLKN    4   MRTIGTHPS     0.727        Sequence      0.021654    51.76       NA      0.284693       2297.24    26.99       
 311     DRB1_1201 HPSSSAGLKNDLLENLQAYQ    7   LKNDLLENL     0.500        Sequence      0.006982    76.14       NA      0.259017       3032.89    33.50       
 312     DRB1_1201 GTHPSSSAGLKNDLLENLQA    9   LKNDLLENL     0.493        Sequence      0.005113    81.42       NA      0.207991       5267.77    48.61       
 313     DRB1_1201 EQIADSQHRSHRQMVTTTNP    2   IADSQHRSH     0.227        Sequence      0.001762    93.62       NA      0.161682       8694.23    64.21       
 314     DRB1_1201 AGALASCMGLIYNRMGAVTT    3   LASCMGLIY     0.607        Sequence      0.017060    57.38       NA      0.457955        352.41     3.35       
 315     DRB1_1201 REITFHGAKEISLSYSAGAL    2   ITFHGAKEI     0.433        Sequence      0.014779    60.62       NA      0.335813       1321.28    16.50       
 316     DRB1_1201 GAKEISLSYSAGALASCMGL    4   ISLSYSAGA     0.647        Sequence      0.002845    89.19       NA      0.313574       1680.72    20.65       
 317     DRB1_1201 EITFHGAKEISLSYSAGALA    3   FHGAKEISL     0.420        Sequence      0.007588    74.56       NA      0.334575       1339.10    16.72       
 318     DRB1_1201 NNMDKAVKLYRKLKREITFH    6   VKLYRKLKR     0.633        Sequence      0.046191    33.86       NA      0.386768        761.31     9.18       
 319     DRB1_1201 HENRMVLASTTAKAMEQMAG    6   LASTTAKAM     0.527        Sequence      0.046166    33.87       NA      0.374721        867.30    10.66       
 320     DRB1_1201 KLYRKLKREITFHGAKEISL    9   ITFHGAKEI     0.473        Sequence      0.076856    22.83       NA      0.401233        651.01     7.70       
 321     DRB1_1201 KLKREITFHGAKEISLSYSA    5   ITFHGAKEI     0.753        Sequence      0.071139    24.48       NA      0.361583        999.78    12.42       
 322     DRB1_1201 QIADSQHRSHRQMVTTTNPL    5   QHRSHRQMV     0.320        Sequence      0.001297    95.00       NA      0.185485       6720.19    56.02       
 323     DRB1_1201 RRRFVQNALNGNGDPNNMDK    8   LNGNGDPNN     0.200        Sequence      0.009865    69.33       NA      0.201025       5680.15    50.89       
 324     DRB1_1201 TEVETYVLSIIPSGPLKAEI    7   LSIIPSGPL     0.953        Sequence      0.251227     5.66       NA      0.539332        146.11     0.86   <=WB
 325     DRB1_1201 MEQMAGSSEQAAEAMEVASQ    3   MAGSSEQAA     0.320        Sequence      0.002725    89.64       NA      0.122605      13269.45    77.74       
 326     DRB1_1201 LIRHENRMVLASTTAKAMEQ    9   LASTTAKAM     0.407        Sequence      0.046280    33.82       NA      0.394480        700.36     8.36       
 327     DRB1_1201 FGLVCATCEQIADSQHRSHR    8   EQIADSQHR     0.267        Sequence      0.002178    91.88       NA      0.157239       9122.39    65.74       
 328     DRB1_1201 VASQARQMVQAMRTIGTHPS    8   VQAMRTIGT     0.793        Sequence      0.071755    24.30       NA      0.388266        749.07     9.01       
 329     DRB1_1201 KAEIAQRLEDVFAGKNTDLE    3   IAQRLEDVF     0.620        Sequence      0.015451    59.60       NA      0.216344       4812.56    46.03       
 330     DRB1_1201 LASTTAKAMEQMAGSSEQAA    8   MEQMAGSSE     0.487        Sequence      0.004218    84.24       NA      0.170664       7889.06    61.14       
 331     DRB1_1201 HRQMVTTTNPLIRHENRMVL    3   MVTTTNPLI     0.547        Sequence      0.053128    30.74       NA      0.411009        585.67     6.75       
 332     DRB1_1201 SEQAAEAMEVASQARQMVQA    9   VASQARQMV     0.447        Sequence      0.025549    47.78       NA      0.304839       1847.31    22.46       
 333     DRB1_1201 YRKLKREITFHGAKEISLSY    7   ITFHGAKEI     0.613        Sequence      0.089264    19.99       NA      0.387351        756.52     9.11       
 334     DRB1_1201 TFHGAKEISLSYSAGALASC    7   ISLSYSAGA     0.573        Sequence      0.005465    80.30       NA      0.322471       1526.47    18.95       
 335     DRB1_1201 VLASTTAKAMEQMAGSSEQA    9   MEQMAGSSE     0.313        Sequence      0.003005    88.60       NA      0.223048       4475.84    43.97       
 336     DRB1_1201 IADSQHRSHRQMVTTTNPLI   11   MVTTTNPLI     0.487        Sequence      0.006532    77.36       NA      0.292192       2118.21    25.27       
 337     DRB1_1201 VKLYRKLKREITFHGAKEIS    6   LKREITFHG     0.540        Sequence      0.071695    24.32       NA      0.398069        673.68     8.00       
 338     DRB1_1201 YNRMGAVTTEVAFGLVCATC    6   VTTEVAFGL     0.533        Sequence      0.003337    87.37       NA      0.229159       4189.47    42.11       
 339     DRB1_1201 AGLKNDLLENLQAYQKRMGV    7   LENLQAYQK     0.733        Sequence      0.055453    29.80       NA      0.352048       1108.43    13.82       
 340     DRB1_1201 LKNDLLENLQAYQKRMGVQM    5   LENLQAYQK     0.640        Sequence      0.052828    30.87       NA      0.359043       1027.63    12.79       
 341     DRB1_1201 SYSAGALASCMGLIYNRMGA    6   LASCMGLIY     0.947        Sequence      0.035157    40.25       NA      0.431487        469.27     5.04       
 342     DRB1_1201 GALASCMGLIYNRMGAVTTE    8   LIYNRMGAV     0.513        Sequence      0.009224    70.71       NA      0.436888        442.64     4.66       
 343     DRB1_1201 EAMEVASQARQMVQAMRTIG    4   VASQARQMV     0.560        Sequence      0.020085    53.54       NA      0.353772       1087.94    13.57       
 344     DRB1_1201 IGTHPSSSAGLKNDLLENLQ    7   SAGLKNDLL     0.540        Sequence      0.004083    84.67       NA      0.192734       6213.25    53.59       
 345     DRB1_1201 FVQNALNGNGDPNNMDKAVK    5   LNGNGDPNN     0.507        Sequence      0.004621    82.97       NA      0.117350      14045.78    79.51       
 346     DRB1_1201 QNALNGNGDPNNMDKAVKLY   10   NNMDKAVKL     0.527        Sequence      0.008511    72.39       NA      0.161235       8736.38    64.37       
 347     DRB1_1201 CEQIADSQHRSHRQMVTTTN    7   QHRSHRQMV     0.287        Sequence      0.001842    93.29       NA      0.163336       8540.02    63.65       
 348     DRB1_1201 SSAGLKNDLLENLQAYQKRM    9   LENLQAYQK     0.620        Sequence      0.033825    41.12       NA      0.336525       1311.14    16.37       
 349     DRB1_1201 QMAGSSEQAAEAMEVASQAR    7   QAAEAMEVA     0.147        Sequence      0.002755    89.53       NA      0.134785      11631.06    73.56       
 350     DRB1_1201 AMEVASQARQMVQAMRTIGT    3   VASQARQMV     0.453        Sequence      0.017500    56.78       NA      0.374647        867.99    10.67       
 351     DRB1_1201 NMDKAVKLYRKLKREITFHG    5   VKLYRKLKR     0.573        Sequence      0.045765    34.07       NA      0.382914        793.72     9.62       
 352     DRB1_1201 AAEAMEVASQARQMVQAMRT    6   VASQARQMV     0.560        Sequence      0.025620    47.72       NA      0.341693       1239.84    15.46       
 353     DRB1_1201 ALASCMGLIYNRMGAVTTEV    7   LIYNRMGAV     0.620        Sequence      0.007274    75.35       NA      0.418270        541.42     6.11       
 354     DRB1_1201 ATCEQIADSQHRSHRQMVTT    5   IADSQHRSH     0.273        Sequence      0.002956    88.78       NA      0.159866       8866.75    64.83       
 355     DRB1_1201 ENRMVLASTTAKAMEQMAGS    5   LASTTAKAM     0.527        Sequence      0.039395    37.56       NA      0.366781        945.10    11.69       
 356     DRB1_1201 TTTNPLIRHENRMVLASTTA    6   IRHENRMVL     0.653        Sequence      0.071555    24.36       NA      0.396574        684.67     8.15       
 357     DRB1_1201 TTNPLIRHENRMVLASTTAK    5   IRHENRMVL     0.653        Sequence      0.063437    26.84       NA      0.404187        630.53     7.42       
 358     DRB1_1201 LSIIPSGPLKAEIAQRLEDV    8   LKAEIAQRL     0.973        Sequence      0.174472     9.63       NA      0.412450        576.61     6.62   <=WB
 359     DRB1_1201 HGAKEISLSYSAGALASCMG    5   ISLSYSAGA     0.647        Sequence      0.003814    85.61       NA      0.317527       1610.35    19.87       
 360     DRB1_1201 AVKLYRKLKREITFHGAKEI    7   LKREITFHG     0.693        Sequence      0.054546    30.16       NA      0.401005        652.62     7.72       
 361     DRB1_1201 LYRKLKREITFHGAKEISLS    8   ITFHGAKEI     0.580        Sequence      0.094166    19.01       NA      0.396201        687.44     8.19       
 362     DRB1_1201 VLSIIPSGPLKAEIAQRLED    9   LKAEIAQRL     0.873        Sequence      0.123416    14.49       NA      0.443479        412.17     4.21       
 363     DRB1_1201 LSYSAGALASCMGLIYNRMG    7   LASCMGLIY     0.953        Sequence      0.037605    38.65       NA      0.427991        487.36     5.31       
 364     DRB1_1201 ISLSYSAGALASCMGLIYNR    9   LASCMGLIY     0.953        Sequence      0.028674    45.06       NA      0.408240        603.48     7.00       
 365     DRB1_1201 AFGLVCATCEQIADSQHRSH    9   EQIADSQHR     0.200        Sequence      0.001536    94.57       NA      0.165205       8369.06    63.01       
 366     DRB1_1201 TTEVAFGLVCATCEQIADSQ    7   LVCATCEQI     0.413        Sequence      0.001020    95.00       NA      0.186717       6631.20    55.59       
 367     DRB1_1201 SCMGLIYNRMGAVTTEVAFG    4   LIYNRMGAV     0.427        Sequence      0.006778    76.70       NA      0.374994        864.74    10.62       
 368     DRB1_1201 LNGNGDPNNMDKAVKLYRKL    7   NNMDKAVKL     0.607        Sequence      0.019725    53.94       NA      0.253235       3228.69    35.09       
 369     DRB1_1201 TLTVPSERGLQRRRFVQNAL    6   ERGLQRRRF     0.707        Sequence      0.006370    77.80       NA      0.296961       2011.68    24.23       
 370     DRB1_1201 VETYVLSIIPSGPLKAEIAQ    5   LSIIPSGPL     0.887        Sequence      0.220942     6.91       NA      0.536084        151.33     0.92   <=WB
 371     DRB1_1201 SIIPSGPLKAEIAQRLEDVF    7   LKAEIAQRL     0.980        Sequence      0.173288     9.72       NA      0.391215        725.54     8.70   <=WB
 372     DRB1_1201 EVASQARQMVQAMRTIGTHP    9   VQAMRTIGT     0.633        Sequence      0.043979    35.00       NA      0.381350        807.27     9.81       
 373     DRB1_1201 NRMVLASTTAKAMEQMAGSS    4   LASTTAKAM     0.593        Sequence      0.030374    43.65       NA      0.357951       1039.85    12.95       
 374     DRB1_1201 AMRTIGTHPSSSAGLKNDLL    4   IGTHPSSSA     0.507        Sequence      0.005683    79.67       NA      0.210669       5117.32    47.79       
 375     DRB1_1201 GLIYNRMGAVTTEVAFGLVC    6   MGAVTTEVA     0.287        Sequence      0.004114    84.57       NA      0.329618       1412.88    17.61       
 376     DRB1_1201 IYNRMGAVTTEVAFGLVCAT    7   VTTEVAFGL     0.440        Sequence      0.003746    85.86       NA      0.246443       3474.90    37.03       
 377     DRB1_1201 NGDPNNMDKAVKLYRKLKRE   10   VKLYRKLKR     0.387        Sequence      0.033717    41.20       NA      0.322352       1528.44    18.98       
 378     DRB1_1201 RTIGTHPSSSAGLKNDLLEN    9   SAGLKNDLL     0.467        Sequence      0.004094    84.64       NA      0.161256       8734.40    64.36       
 379     DRB1_1201 DKAVKLYRKLKREITFHGAK    3   VKLYRKLKR     0.327        Sequence      0.046667    33.64       NA      0.395102        695.66     8.30       
 380     DRB1_1201 MSLLTEVETYVLSIIPSGPL   11   LSIIPSGPL     0.413        Sequence      0.008595    72.19       NA      0.405392        622.36     7.29       
 381     DRB1_1201 KREITFHGAKEISLSYSAGA    3   ITFHGAKEI     0.633        Sequence      0.045049    34.44       NA      0.349723       1136.66    14.17       
 382     DRB1_1201 VPSERGLQRRRFVQNALNGN    3   ERGLQRRRF     0.467        Sequence      0.004904    82.08       NA      0.312411       1702.00    20.89       
 383     DRB1_1201 VAFGLVCATCEQIADSQHRS    4   LVCATCEQI     0.280        Sequence      0.001142    95.00       NA      0.175083       7520.73    59.62       
 384     DRB1_1201 ASQARQMVQAMRTIGTHPSS    7   VQAMRTIGT     0.793        Sequence      0.072798    23.99       NA      0.382348        798.60     9.69       
 385     DRB1_1201 VQAMRTIGTHPSSSAGLKND    3   MRTIGTHPS     0.680        Sequence      0.018020    56.06       NA      0.250677       3319.30    35.80       
 386     DRB1_1201 SSSAGLKNDLLENLQAYQKR   10   LENLQAYQK     0.540        Sequence      0.024960    48.30       NA      0.319556       1575.38    19.49       
 387     DRB1_1201 NALNGNGDPNNMDKAVKLYR    9   NNMDKAVKL     0.640        Sequence      0.011640    65.87       NA      0.202297       5602.51    50.48       
 388     DRB1_1201 LTVPSERGLQRRRFVQNALN    5   ERGLQRRRF     0.680        Sequence      0.005628    79.82       NA      0.303845       1867.29    22.68       
 389     DRB1_1201 KAVKLYRKLKREITFHGAKE    8   LKREITFHG     0.720        Sequence      0.051188    31.58       NA      0.396257        687.02     8.18       
 390     DRB1_1201 MDKAVKLYRKLKREITFHGA    4   VKLYRKLKR     0.460        Sequence      0.043104    35.47       NA      0.388017        751.09     9.04       
--------------------------------------------------------------------------------------------------------------------------------------------
Number of strong binders: 0 Number of weak binders: 14
--------------------------------------------------------------------------------------------------------------------------------------------
